proguard-project.txt
# Add project specific ProGuard rules here.
# By default, the flags in this file are appended to flags specified
# in ${sdk.dir}/tools/proguard/proguard-android.txt
# You can edit the include path and order by changing the ProGuard
# include property in project.properties.
#
# For more details, see
#   http://developer.android.com/guide/developing/tools/proguard.html



# Use unique member names to make stack trace reading easier
#-useuniqueclassmembernames

# Some libs use annotations like javax.annotation.Nullable which are not available in Android runtime.
# However, that does not matter, so just mute warnings:

# For Guava:
-dontwarn javax.annotation.**
-dontwarn javax.inject.**
-dontwarn sun.misc.Unsafe

# For RxJava:
-dontwarn org.mockito.**
-dontwarn org.junit.**
-dontwarn org.robolectric.**

##---------------Begin: proguard configuration for Gson  ----------
# Adapted from https://code.google.com/p/google-gson/source/browse/trunk/examples/android-proguard-example/proguard.cfg
#
# Gson uses generic type information stored in a class file when working with fields. Proguard
# removes such information by default, so configure it to keep all of it.
-keepattributes Signature

# We use Gson's @SerializedName annotation which won't work without this:
-keepattributes *Annotation*

# Gson specific classes
-keep class sun.misc.Unsafe { *; }
-keep class com.google.gson.stream.** { *; }

-keep public class org.cirrus.mobi.pegel.data.** { *; }

##---------------End: proguard configuration for Gson  ----------

# Remove logging calls
-assumenosideeffects class android.util.Log {
    public static boolean isLoggable(java.lang.String, int);
    public static int v(...);
    public static int i(...);
    public static int w(...);
    public static int q(...);
    public static int e(...);
}

# ACRA needs "annotations" so add this...
# Note: This may already be defined in the default "proguard-android-optimize.txt"
# file in the SDK. If it is, then you don't need to duplicate it. See your
# "project.properties" file to get the path to the default "proguard-android-optimize.txt".
-keepattributes *Annotation*

# Keep all the ACRA classes
-keep class org.acra.** { *; }