proguard/mapping.txt
org.cirrus.mobi.pegel.AbstractPegelDetailsActivity -> org.cirrus.mobi.pegel.AbstractPegelDetailsActivity:
    org.cirrus.mobi.pegel.PegelApplication pegelApp -> c
    java.lang.String app_ver -> a
    java.lang.String pnr -> d
    org.cirrus.mobi.pegel.PegelDataProvider pegelDataProvider -> e
    org.cirrus.mobi.pegel.PegelDetailHelper pegelDetailHelper -> f
    void onCreate(android.os.Bundle) -> onCreate
    boolean onCreateOptionsMenu(android.view.Menu) -> onCreateOptionsMenu
    boolean onOptionsItemSelected(android.view.MenuItem) -> onOptionsItemSelected
    android.app.Dialog onCreateDialog(int) -> onCreateDialog
org.cirrus.mobi.pegel.AbstractSelectRiver -> org.cirrus.mobi.pegel.u:
    android.app.Activity activity -> d
    android.os.Handler mHandler -> a
    java.lang.Runnable mUpdateDaten -> b
    java.lang.String[] rivers -> c
    org.cirrus.mobi.pegel.RiverCallBack riverCallback -> e
    void updateDataInUi() -> a
    void getRivers() -> b
    android.app.Activity access$0(org.cirrus.mobi.pegel.AbstractSelectRiver) -> a
org.cirrus.mobi.pegel.AbstractSelectRiver$1 -> org.cirrus.mobi.pegel.p:
    org.cirrus.mobi.pegel.AbstractSelectRiver this$0 -> a
    void run() -> run
org.cirrus.mobi.pegel.AbstractSelectRiver$2 -> org.cirrus.mobi.pegel.m:
    org.cirrus.mobi.pegel.AbstractSelectRiver this$0 -> a
    void run() -> run
org.cirrus.mobi.pegel.DetailDataFragment -> org.cirrus.mobi.pegel.ab:
    org.cirrus.mobi.pegel.PegelDataProvider pegelDataProvider -> a
    org.cirrus.mobi.pegel.PegelDetailHelper pegelDetailHelper -> b
    void onActivityCreated(android.os.Bundle) -> onActivityCreated
    void refresh() -> a
    android.view.View onCreateView(android.view.LayoutInflater,android.view.ViewGroup,android.os.Bundle) -> onCreateView
    void onStart() -> onStart
    void onStop() -> onStop
org.cirrus.mobi.pegel.ListRiverFragment -> org.cirrus.mobi.pegel.z:
    int mCurCheckPosition -> a
    org.cirrus.mobi.pegel.AbstractSelectRiver abstractSR -> b
    org.cirrus.mobi.pegel.PegelApplication pegelApp -> c
    org.cirrus.mobi.pegel.ListRiverFragment getInstance(java.lang.String,java.lang.String,java.lang.String) -> a
    void onActivityCreated(android.os.Bundle) -> onActivityCreated
    void onListItemClick(android.widget.ListView,android.view.View,int,long) -> onListItemClick
    void onSaveInstanceState(android.os.Bundle) -> onSaveInstanceState
    void showDetails(int) -> a
    void setRivers(java.lang.String[]) -> a
org.cirrus.mobi.pegel.MapActivity -> org.cirrus.mobi.pegel.MapActivity:
    org.cirrus.mobi.pegel.PegelDataResultReciever pdrDataMap -> g
    java.lang.Runnable mUpdateDatenMap -> a
    java.lang.Runnable mUpdateNoMap -> b
    void onCreate(android.os.Bundle) -> onCreate
    void onStart() -> onStart
    boolean onOptionsItemSelected(android.view.MenuItem) -> onOptionsItemSelected
    boolean onKeyDown(int,android.view.KeyEvent) -> onKeyDown
    org.cirrus.mobi.pegel.PegelDataResultReciever access$1(org.cirrus.mobi.pegel.MapActivity) -> a
org.cirrus.mobi.pegel.MapActivity$1 -> org.cirrus.mobi.pegel.w:
    org.cirrus.mobi.pegel.MapActivity this$0 -> a
    void run() -> run
org.cirrus.mobi.pegel.MapActivity$2 -> org.cirrus.mobi.pegel.v:
    org.cirrus.mobi.pegel.MapActivity this$0 -> a
    void run() -> run
org.cirrus.mobi.pegel.MapActivity$3 -> org.cirrus.mobi.pegel.x:
    org.cirrus.mobi.pegel.MapActivity this$0 -> a
    android.widget.ImageView val$map -> b
    boolean onPreDraw() -> onPreDraw
org.cirrus.mobi.pegel.MapActivity$MapHandler -> org.cirrus.mobi.pegel.l:
    org.cirrus.mobi.pegel.MapActivity this$0 -> a
    void onReceiveResult(int,android.os.Bundle) -> a
org.cirrus.mobi.pegel.MeasurePointFragment -> org.cirrus.mobi.pegel.aa:
    org.cirrus.mobi.pegel.data.PegelEntry[] entries -> a
    int mCurCheckPosition -> b
    void onActivityCreated(android.os.Bundle) -> onActivityCreated
    void onListItemClick(android.widget.ListView,android.view.View,int,long) -> onListItemClick
    void select(int) -> a
...
com.google.android.apps.analytics.NetworkDispatcher -> com.google.android.apps.analytics.o:
    org.apache.http.HttpHost GOOGLE_ANALYTICS_HOST -> a
    java.lang.String userAgent -> b
    com.google.android.apps.analytics.NetworkDispatcher$DispatcherThread dispatcherThread -> c
    void init(com.google.android.apps.analytics.Dispatcher$Callbacks,java.lang.String) -> a
    void dispatchEvents(com.google.android.apps.analytics.Event[]) -> a
    void stop() -> a
    org.apache.http.HttpHost access$200() -> b
com.google.android.apps.analytics.NetworkDispatcher$DispatcherThread -> com.google.android.apps.analytics.l:
    android.os.Handler handlerExecuteOnDispatcherThread -> a
    com.google.android.apps.analytics.PipelinedRequester pipelinedRequester -> b
    java.lang.String referrer -> c
    java.lang.String userAgent -> d
    int lastStatusCode -> e
    int maxEventsPerRequest -> f
    long retryInterval -> g
    com.google.android.apps.analytics.NetworkDispatcher$DispatcherThread$AsyncDispatchTask currentTask -> h
    com.google.android.apps.analytics.Dispatcher$Callbacks callbacks -> i
    void onLooperPrepared() -> onLooperPrepared
    void dispatchEvents(com.google.android.apps.analytics.Event[]) -> a
    com.google.android.apps.analytics.NetworkDispatcher$DispatcherThread$AsyncDispatchTask access$402(com.google.android.apps.analytics.NetworkDispatcher$DispatcherThread,com.google.android.apps.analytics.NetworkDispatcher$DispatcherThread$AsyncDispatchTask) -> a
    int access$500(com.google.android.apps.analytics.NetworkDispatcher$DispatcherThread) -> a
    long access$600(com.google.android.apps.analytics.NetworkDispatcher$DispatcherThread) -> b
    long access$630$78cf8d4e(com.google.android.apps.analytics.NetworkDispatcher$DispatcherThread) -> c
    long access$602$78cf8d4e(com.google.android.apps.analytics.NetworkDispatcher$DispatcherThread) -> d
com.google.android.apps.analytics.NetworkDispatcher$DispatcherThread$AsyncDispatchTask -> com.google.android.apps.analytics.j:
    java.util.LinkedList events -> a
    com.google.android.apps.analytics.NetworkDispatcher$DispatcherThread this$0 -> b
    void run() -> run
    com.google.android.apps.analytics.Event removeNextEvent() -> a
com.google.android.apps.analytics.NetworkDispatcher$DispatcherThread$RequesterCallbacks -> com.google.android.apps.analytics.r:
    com.google.android.apps.analytics.NetworkDispatcher$DispatcherThread this$0 -> a
    void pipelineModeChanged$1385ff() -> a
    void requestSent() -> b
    void serverError(int) -> a
com.google.android.apps.analytics.NetworkRequestUtil -> com.google.android.apps.analytics.k:
    java.lang.String constructPageviewRequestPath(com.google.android.apps.analytics.Event,java.lang.String) -> a
    java.lang.String constructEventRequestPath(com.google.android.apps.analytics.Event,java.lang.String) -> b
    java.lang.String getCustomVariableParams(com.google.android.apps.analytics.Event) -> a
    void createX10Project(com.google.android.apps.analytics.CustomVariable[],java.lang.StringBuilder,int) -> a
    java.lang.String x10Escape(java.lang.String) -> a
    java.lang.String getEscapedCookieString(com.google.android.apps.analytics.Event,java.lang.String) -> c