proguard/usage.txt
org.cirrus.mobi.pegel.AbstractPegelDetailsActivity:
    private static final int DIALOG_ABOUT
org.cirrus.mobi.pegel.MeasurePointFragment:
    private static final java.lang.String PREFS_NAME
org.cirrus.mobi.pegel.PegelApplication:
    private static final java.lang.String TAG
    public static final java.lang.String host
    51:51:public boolean isEmulator()
org.cirrus.mobi.pegel.PegelDataProvider:
    protected static final java.lang.String TAG
    public static final int STATUS_ERROR
    public static final int STATUS_FINISHED
    public static final int STATUS_NO_MAP
    protected static final java.lang.String MAPS_URL
org.cirrus.mobi.pegel.PegelDataResultReciever:
    private static final java.lang.String TAG
    18:19:public void clearReceiver()
org.cirrus.mobi.pegel.PegelDataView:
    protected static final java.lang.String TAG
org.cirrus.mobi.pegel.PegelDetailHelper:
    public float hsw
    private static final java.lang.String M_I
    private static final java.lang.String HSW
org.cirrus.mobi.pegel.PegelFragmentsActivity:
    private static final java.lang.String PREFS_NAME
    private static final int DIALOG_ABOUT
org.cirrus.mobi.pegel.PegelGrafikView:
    private static final int GRADIENT_LENGTH
    private static final java.lang.String TAG
    private static final int PADDING_TOP
    private static final int PADDING_LEFT
org.cirrus.mobi.pegel.R
org.cirrus.mobi.pegel.R$anim
org.cirrus.mobi.pegel.R$attr
org.cirrus.mobi.pegel.R$drawable
org.cirrus.mobi.pegel.R$id
org.cirrus.mobi.pegel.R$layout
org.cirrus.mobi.pegel.R$string
org.cirrus.mobi.pegel.R$style
org.cirrus.mobi.pegel.R$xml
org.cirrus.mobi.pegel.SelectMeasurePoint:
    private static final java.lang.String PREFS_NAME
org.cirrus.mobi.pegel.SelectRiver:
    private static final java.lang.String PREFS_NAME
org.cirrus.mobi.pegel.SimpleMapFragment:
    93:95:private int getSize()
org.cirrus.mobi.pegel.data.ImageEntry:
    8:10:public ImageEntry(java.lang.String)
org.cirrus.mobi.pegel.data.MeasureEntry:
    11:17:public MeasureEntry(java.lang.String,java.lang.String,java.lang.String,java.lang.String,java.lang.String)
org.cirrus.mobi.pegel.data.MeasureStationDetails:
    12:17:public MeasureStationDetails(java.lang.String,java.lang.String,java.lang.String,java.lang.String)
    24:24:public java.lang.String getDescription()
    28:28:public java.lang.String getUnit()
    32:32:public java.lang.String getValue()
org.cirrus.mobi.pegel.data.PegelEntry:
    10:13:public PegelEntry(java.lang.String,java.lang.String)
org.cirrus.mobi.pegel.data.PointStore:
    private static final java.lang.String VALUE
    private static final java.lang.String UNIT
    private static final java.lang.String DESCRIPTION
    private static final java.lang.String NAME
    private static final java.lang.String IMGURL
    private static final java.lang.String ZEIT
    private static final java.lang.String TENDENZ
    private static final java.lang.String MESSUNG
    private static final java.lang.String PEGELNUMMER
    private static final java.lang.String PEGELNAME
    private static final java.lang.String TAG
    private static final java.lang.String PREFS_NAME
    private static final long POINT_CACHE_TIME
    private static final java.lang.String POINT_STORE_URL
    private static final java.lang.String POINT_DETAILS_URL
    private static final java.lang.String POINT_DATA_URL
    private static final java.lang.String POINT_DATA_IMAGE_URL
    private static final java.lang.String POINT_CACHE_FILE
    private static final java.lang.String LAST_P_UPDATE
    private static final int DEFAULT_BUFFER
    private static final java.lang.String LON
    private static final java.lang.String LAT
org.cirrus.mobi.pegel.widget.PegelWidgetProvider:
    private static final java.lang.String PREFS_NAME
    private static final java.lang.String TAG
    public static final java.lang.String REFRESH_ACTION
org.cirrus.mobi.pegel.widget.PegelWidgetProvider$UpdateService:
    private static final java.lang.String TAG
...
com.google.gson.JsonElementVisitor
com.google.gson.JsonIOException:
    private static final long serialVersionUID
com.google.gson.JsonObject:
    71:71:public com.google.gson.JsonElement remove(java.lang.String)
    82:83:public void addProperty(java.lang.String,java.lang.String)
    93:94:public void addProperty(java.lang.String,java.lang.Number)
    104:105:public void addProperty(java.lang.String,java.lang.Boolean)
    115:116:public void addProperty(java.lang.String,java.lang.Character)
    125:125:private com.google.gson.JsonElement createJsonElement(java.lang.Object)
    145:145:public boolean has(java.lang.String)
    169:169:public com.google.gson.JsonPrimitive getAsJsonPrimitive(java.lang.String)
    179:179:public com.google.gson.JsonArray getAsJsonArray(java.lang.String)
    189:189:public com.google.gson.JsonObject getAsJsonObject(java.lang.String)
com.google.gson.JsonParseException:
    static final long serialVersionUID
com.google.gson.JsonParser
com.google.gson.JsonPrimitive:
    76:78:public JsonPrimitive(java.lang.Character)
    86:88:JsonPrimitive(java.lang.Object)
com.google.gson.JsonSerializationContext
com.google.gson.JsonSerializationContextDefault
com.google.gson.JsonSerializationVisitor
com.google.gson.JsonSerializer
com.google.gson.JsonStreamParser
com.google.gson.JsonSyntaxException:
    private static final long serialVersionUID
com.google.gson.JsonTreeNavigator
com.google.gson.LongSerializationPolicy:
    56:56:public com.google.gson.JsonElement serialize(java.lang.Long)
com.google.gson.LongSerializationPolicy$DefaultStrategy:
    65:65:public com.google.gson.JsonElement serialize(java.lang.Long)
com.google.gson.LongSerializationPolicy$Strategy:
    public abstract com.google.gson.JsonElement serialize(java.lang.Long)
com.google.gson.LongSerializationPolicy$StringStrategy:
    71:71:public com.google.gson.JsonElement serialize(java.lang.Long)
com.google.gson.LowerCamelCaseSeparatorNamingPolicy
com.google.gson.LowerCaseNamingPolicy
com.google.gson.LruCache:
    private static final long serialVersionUID
    50:50:public synchronized java.lang.Object removeElement(java.lang.Object)
com.google.gson.MapAsArrayTypeAdapter
com.google.gson.MapTypeAdapter:
    37:57:public com.google.gson.JsonElement serialize(java.util.Map,java.lang.reflect.Type,com.google.gson.JsonSerializationContext)
    33:33:public com.google.gson.JsonElement serialize(java.lang.Object,java.lang.reflect.Type,com.google.gson.JsonSerializationContext)
com.google.gson.MemoryRefStack
com.google.gson.ModifyFirstLetterNamingPolicy
com.google.gson.ModifyFirstLetterNamingPolicy$LetterModifier
com.google.gson.ObjectTypePair:
    142:142:public boolean isPreserveType()
com.google.gson.Primitives:
    82:82:public static boolean isWrapperType(java.lang.Class)
com.google.gson.Streams:
    101:143:static void write(com.google.gson.JsonElement,boolean,com.google.gson.stream.JsonWriter)
    146:146:static java.io.Writer writerForAppendable(java.lang.Appendable)
com.google.gson.Streams$AppendableWriter
com.google.gson.Streams$AppendableWriter$CurrentWrite
com.google.gson.UpperCamelCaseSeparatorNamingPolicy
com.google.gson.UpperCaseNamingPolicy
com.google.gson.VersionConstants
com.google.gson.VersionExclusionStrategy
com.google.gson.annotations.Expose
com.google.gson.annotations.Since
com.google.gson.annotations.Until
com.google.gson.internal.$Gson$Preconditions:
    47:50:public static void checkState(boolean)
com.google.gson.internal.$Gson$Types$GenericArrayTypeImpl:
    private static final long serialVersionUID
com.google.gson.internal.$Gson$Types$ParameterizedTypeImpl:
    private static final long serialVersionUID
com.google.gson.internal.$Gson$Types$WildcardTypeImpl:
    private static final long serialVersionUID